app/build/intermediates/proguard-rules/debug/aapt_rules.txt
# Referenced at merged_manifests\debug\AndroidManifest.xml:84
-keep class android.arch.lifecycle.ProcessLifecycleOwnerInitializer { <init>(); }
# Referenced at merged_manifests\debug\AndroidManifest.xml:21
-keep class android.support.v4.app.CoreComponentFactory { <init>(); }
# Referenced at merged_manifests\debug\AndroidManifest.xml:52
-keep class com.xingwang.classroom.ui.ClassRoomCommentDetailActivity { <init>(); }
# Referenced at merged_manifests\debug\AndroidManifest.xml:67
-keep class com.xingwang.classroom.ui.ClassRoomDetailActivity { <init>(); }
# Referenced at merged_manifests\debug\AndroidManifest.xml:48
-keep class com.xingwang.classroom.ui.ClassRoomHomeActivity { <init>(); }
# Referenced at merged_manifests\debug\AndroidManifest.xml:33
-keep class com.xingwang.xinwangyaoye.MainActivity { <init>(); }
# Referenced at merged_manifests\debug\AndroidManifest.xml:37
-keep class com.xingwang.xinwangyaoye.SplashActivity { <init>(); }
# Referenced at res\layout\activity_main.xml:2
-keep class android.support.constraint.ConstraintLayout { <init>(...); }

# Referenced at res\layout\design_bottom_navigation_item.xml:27
-keep class android.support.design.internal.BaselineLayout { <init>(...); }

# Referenced at res\layout\design_navigation_item.xml:17
-keep class android.support.design.internal.NavigationMenuItemView { <init>(...); }

# Referenced at res\layout\design_navigation_menu.xml:17
-keep class android.support.design.internal.NavigationMenuView { <init>(...); }

# Referenced at debug\layout\activity_class_room_home_classroom.xml:20
-keep class android.support.design.widget.AppBarLayout { <init>(...); }

# Referenced at res\layout\design_text_input_password_icon.xml:18
-keep class android.support.design.widget.CheckableImageButton { <init>(...); }

# Referenced at debug\layout\activity_class_room_home_classroom.xml:27
-keep class android.support.design.widget.CollapsingToolbarLayout { <init>(...); }

# Referenced at res\layout\design_bottom_sheet_dialog.xml:26
# Referenced at debug\layout\activity_class_room_home_classroom.xml:15
-keep class android.support.design.widget.CoordinatorLayout { <init>(...); }

# Referenced at res\layout\mtrl_layout_snackbar.xml:18
# Referenced at res\layout\design_layout_snackbar.xml:18
-keep class android.support.design.widget.Snackbar$SnackbarLayout { <init>(...); }

# Referenced at res\layout\mtrl_layout_snackbar_include.xml:18
# Referenced at res\layout\design_layout_snackbar_include.xml:18
-keep class android.support.design.widget.SnackbarContentLayout { <init>(...); }

# Referenced at debug\layout\activity_class_room_home_classroom.xml:65
-keep class android.support.design.widget.TabLayout { <init>(...); }

# Referenced at debug\layout\activity_class_room_home_classroom.xml:80
-keep class android.support.v4.view.ViewPager { <init>(...); }

# Referenced at res\layout\abc_alert_dialog_material.xml:41
-keep class android.support.v4.widget.NestedScrollView { <init>(...); }

# Referenced at res\layout\abc_select_dialog_material.xml:23
-keep class android.support.v7.app.AlertController$RecycleListView { <init>(...); }

# Referenced at res\layout\abc_action_menu_item_layout.xml:17
-keep class android.support.v7.view.menu.ActionMenuItemView { <init>(...); }

# Referenced at res\layout\abc_expanded_menu_layout.xml:17
-keep class android.support.v7.view.menu.ExpandedMenuView { <init>(...); }

# Referenced at res\layout\abc_popup_menu_item_layout.xml:17
# Referenced at res\layout\abc_list_menu_item_layout.xml:17
# Referenced at res\layout\abc_cascading_menu_item_layout.xml:20
-keep class android.support.v7.view.menu.ListMenuItemView { <init>(...); }

# Referenced at res\layout\abc_screen_toolbar.xml:27
-keep class android.support.v7.widget.ActionBarContainer { <init>(...); }

# Referenced at res\layout\abc_screen_toolbar.xml:43
# Referenced at res\layout\abc_action_mode_bar.xml:19
-keep class android.support.v7.widget.ActionBarContextView { <init>(...); }

# Referenced at res\layout\abc_screen_toolbar.xml:17
-keep class android.support.v7.widget.ActionBarOverlayLayout { <init>(...); }

# Referenced at res\layout\abc_action_menu_layout.xml:17
-keep class android.support.v7.widget.ActionMenuView { <init>(...); }

# Referenced at res\layout\abc_activity_chooser_view.xml:19
-keep class android.support.v7.widget.ActivityChooserView$InnerLayout { <init>(...); }

# Referenced at res\layout\abc_alert_dialog_material.xml:18
-keep class android.support.v7.widget.AlertDialogLayout { <init>(...); }

# Referenced at res\layout\abc_alert_dialog_button_bar_material.xml:26
-keep class android.support.v7.widget.ButtonBarLayout { <init>(...); }

# Referenced at res\layout\abc_screen_content_include.xml:19
-keep class android.support.v7.widget.ContentFrameLayout { <init>(...); }

# Referenced at res\layout\abc_alert_dialog_title_material.xml:45
-keep class android.support.v7.widget.DialogTitle { <init>(...); }

# Referenced at res\layout\abc_screen_simple_overlay_action_mode.xml:23
-keep class android.support.v7.widget.FitWindowsFrameLayout { <init>(...); }

# Referenced at res\layout\abc_screen_simple.xml:17
# Referenced at res\layout\abc_dialog_title_material.xml:22
-keep class android.support.v7.widget.FitWindowsLinearLayout { <init>(...); }

# Referenced at debug\layout\fragment_home_classroom.xml:2
# Referenced at debug\layout\fragment_comment_classroom.xml:37
# Referenced at debug\layout\activity_comment_detail_classrooom.xml:23
-keep class android.support.v7.widget.RecyclerView { <init>(...); }

# Referenced at res\layout\abc_search_view.xml:75
-keep class android.support.v7.widget.SearchView$SearchAutoComplete { <init>(...); }

# Referenced at res\layout\abc_screen_toolbar.xml:36
-keep class android.support.v7.widget.Toolbar { <init>(...); }

# Referenced at res\layout\abc_screen_simple_overlay_action_mode.xml:32
# Referenced at res\layout\abc_screen_simple.xml:25
-keep class android.support.v7.widget.ViewStubCompat { <init>(...); }

# Referenced at res\layout\abc_alert_dialog_title_material.xml:56
# Referenced at res\layout\abc_alert_dialog_material.xml:52
# Referenced at res\layout\abc_alert_dialog_button_bar_material.xml:43
-keep class android.widget.Space { <init>(...); }

# Referenced at res\layout\exo_simple_player_view.xml:18
-keep class com.google.android.exoplayer2.ui.AspectRatioFrameLayout { <init>(...); }

# Referenced at res\layout\exo_playback_control_view.xml:76
-keep class com.google.android.exoplayer2.ui.DefaultTimeBar { <init>(...); }

# Referenced at res\layout\exo_simple_player_view.xml:35
-keep class com.google.android.exoplayer2.ui.SubtitleView { <init>(...); }

# Referenced at res\layout\exo_track_selection_dialog.xml:20
-keep class com.google.android.exoplayer2.ui.TrackSelectionView { <init>(...); }

# Referenced at res\layout\activity_main1.xml:23
-keep class com.universalvideoview.UniversalMediaController { <init>(...); }

# Referenced at res\layout\activity_main1.xml:15
-keep class com.universalvideoview.UniversalVideoView { <init>(...); }

# Referenced at debug\layout\item_custom_barrage_view_classroom.xml:21
# Referenced at debug\layout\item_comment_left_text_classroom.xml:16
# Referenced at debug\layout\item_comment_detail_classroom.xml:17
-keep class com.xingwang.classroom.view.CircularImage { <init>(...); }

# Referenced at debug\layout\activity_class_room_detail_classroom.xml:33
-keep class com.xingwang.classroom.view.CustomBarrageLayout { <init>(...); }

# Referenced at debug\layout\layout_empty_classroom.xml:14
# Referenced at debug\layout\item_footer_classroom.xml:15
-keep class com.xingwang.classroom.view.CustomProgressBar { <init>(...); }

# Referenced at debug\layout\activity_comment_detail_classrooom.xml:7
# Referenced at debug\layout\activity_class_room_home_classroom.xml:46
-keep class com.xingwang.classroom.view.CustomToolbar { <init>(...); }

# Referenced at debug\layout\activity_class_room_detail_classroom.xml:12
-keep class com.xingwang.classroom.view.LandLayoutVideo { <init>(...); }

# Referenced at debug\layout\fragment_comment_classroom.xml:32
# Referenced at debug\layout\activity_comment_detail_classrooom.xml:17
# Referenced at debug\layout\activity_class_room_home_classroom.xml:8
-keep class com.xingwang.classroom.view.VpSwipeRefreshLayout { <init>(...); }

# Referenced at res\layout\vv.xml:6
-keep class com.xingwang.xinwangyaoye.VolumnView { <init>(...); }

# Referenced at debug\layout\activity_class_room_home_classroom.xml:32
-keep class com.youth.banner.Banner { <init>(...); }

# Referenced at debug\layout\layout_banner_classroom.xml:8
# Referenced at res\layout\banner.xml:8
-keep class com.youth.banner.view.BannerViewPager { <init>(...); }

# Referenced at res\layout\video_layout_standard.xml:119
# Referenced at res\layout\video_layout_sample_ad.xml:75
# Referenced at res\layout\video_layout_custom.xml:95
# Referenced at debug\layout\sample_video_normal_classroom.xml:98
# Referenced at debug\layout\sample_video_land_classroom.xml:105
-keep class moe.codeest.enviews.ENDownloadView { <init>(...); }

# Referenced at res\layout\video_layout_standard.xml:127
# Referenced at res\layout\video_layout_custom.xml:103
# Referenced at debug\layout\sample_video_normal_classroom.xml:106
-keep class moe.codeest.enviews.ENPlayView { <init>(...); }