app/mapping.txt
# compiler: R8
# compiler_version: 1.4.94
# min_api: 17
com.xingwang.xinwangyaoye.FullScreenVideoView -> com.xingwang.xinwangyaoye.FullScreenVideoView:
    int videoWidth -> ZT
    int videoHeight -> _T
    16:17:void <init>(android.content.Context) -> <init>
    20:21:void <init>(android.content.Context,android.util.AttributeSet) -> <init>
    24:25:void <init>(android.content.Context,android.util.AttributeSet,int) -> <init>
    50:50:int getVideoHeight() -> getVideoHeight
    42:42:int getVideoWidth() -> getVideoWidth
    29:39:void onMeasure(int,int) -> onMeasure
    54:55:void setVideoHeight(int) -> setVideoHeight
    46:47:void setVideoWidth(int) -> setVideoWidth
com.xingwang.xinwangyaoye.MainActivity -> com.xingwang.xinwangyaoye.MainActivity:
    14:16:void <init>() -> <init>
    14:14:java.lang.String access$000(com.xingwang.xinwangyaoye.MainActivity) -> a
    20:75:void onCreate(android.os.Bundle) -> onCreate
com.xingwang.xinwangyaoye.MainActivity$1 -> c.h.b.a:
    com.universalvideoview.UniversalVideoView val$mVideoView -> Ywa
    32:32:void <init>(com.xingwang.xinwangyaoye.MainActivity,com.universalvideoview.UniversalVideoView) -> <init>
    71:72:void onBufferingEnd(android.media.MediaPlayer) -> a
    37:52:void onScaleChange(boolean) -> ab
    66:67:void onBufferingStart(android.media.MediaPlayer) -> b
    56:57:void onPause(android.media.MediaPlayer) -> c
    61:62:void onStart(android.media.MediaPlayer) -> d
com.xingwang.xinwangyaoye.SplashActivity -> com.xingwang.xinwangyaoye.SplashActivity:
    25:25:void <init>() -> <init>
    28:28:int layoutResId() -> Ua
    33:60:void onCreate(android.os.Bundle) -> onCreate
com.xingwang.xinwangyaoye.VolumnView -> com.xingwang.xinwangyaoye.VolumnView:
    float w2 -> Yia
    float r3 -> Wia
    float w1 -> Xia
    android.graphics.RectF oval -> Zia
    float r2 -> Via
    float r1 -> Uia
    android.graphics.Paint paint -> Ue
    37:39:void <init>(android.content.Context,android.util.AttributeSet,int) -> <init>
    42:44:void <init>(android.content.Context,android.util.AttributeSet) -> <init>
    47:49:void <init>(android.content.Context) -> <init>
    52:55:void init(android.content.Context) -> init
    59:103:void onDraw(android.graphics.Canvas) -> onDraw
    112:118:void setProgress(float) -> setProgress
...
android.support.v7.widget.AdapterHelper$UpdateOp -> a.b.h.i.p$b:
    int cmd -> Xt
    java.lang.Object payload -> HL
    int positionStart -> GL
    int itemCount -> IL
    651:656:void <init>(int,int,int,java.lang.Object) -> <init>
    659:661:java.lang.String cmdToString() -> Tj
    681:685:boolean equals(java.lang.Object) -> equals
    718:721:int hashCode() -> hashCode
    674:675:java.lang.String toString() -> toString
android.support.v7.widget.AlertDialogLayout -> android.support.v7.widget.AlertDialogLayout:
    55:56:void <init>(android.content.Context) -> <init>
    59:60:void <init>(android.content.Context,android.util.AttributeSet) -> <init>
    217:236:void forceUniformWidth(int,int) -> Ja
    71:206:boolean tryOnMeasure(int,int) -> Na
    348:349:void setChildFrame(android.view.View,int,int,int,int) -> g
    248:260:int resolveMinimumHeight(android.view.View) -> kc
    265:345:void onLayout(boolean,int,int,int,int) -> onLayout
    64:68:void onMeasure(int,int) -> onMeasure
android.support.v7.widget.AppCompatAutoCompleteTextView -> android.support.v7.widget.AppCompatAutoCompleteTextView:
    android.support.v7.widget.AppCompatTextHelper mTextHelper -> Nha
    int[] TINT_ATTRS -> qM
    android.support.v7.widget.AppCompatBackgroundHelper mBackgroundTintHelper -> Zca
    58:58:void <clinit>() -> <clinit>
    66:67:void <init>(android.content.Context) -> <init>
    70:71:void <init>(android.content.Context,android.util.AttributeSet) -> <init>
    74:89:void <init>(android.content.Context,android.util.AttributeSet,int) -> <init>
    170:177:void drawableStateChanged() -> drawableStateChanged
    136:137:android.content.res.ColorStateList getSupportBackgroundTintList() -> getSupportBackgroundTintList
    164:165:android.graphics.PorterDuff$Mode getSupportBackgroundTintMode() -> getSupportBackgroundTintMode
    189:189:android.view.inputmethod.InputConnection onCreateInputConnection(android.view.inputmethod.EditorInfo) -> onCreateInputConnection
    106:110:void setBackgroundDrawable(android.graphics.drawable.Drawable) -> setBackgroundDrawable
    98:102:void setBackgroundResource(int) -> setBackgroundResource
    199:201:void setCustomSelectionActionModeCallback(android.view.ActionMode$Callback) -> setCustomSelectionActionModeCallback
    93:94:void setDropDownBackgroundResource(int) -> setDropDownBackgroundResource
    121:124:void setSupportBackgroundTintList(android.content.res.ColorStateList) -> setSupportBackgroundTintList
android.support.v7.widget.AppCompatBackgroundHelper -> a.b.h.i.q:
    int mBackgroundResId -> SL
    android.support.v7.widget.TintInfo mBackgroundTint -> UL
    android.support.v7.widget.AppCompatDrawableManager mDrawableManager -> RL
    android.support.v7.widget.TintInfo mInternalBackgroundTint -> TL
    android.support.v7.widget.TintInfo mTmpInfo -> VL
    android.view.View mView -> la
    41:44:void <init>(android.view.View) -> <init>
    75:81:void onSetBackgroundResource(int) -> Sb
    118:135:void applySupportBackgroundTint() -> Zj
    151:163:boolean shouldApplyFrameworkTintUsingColorFilter() -> _j
    47:70:void loadFromAttributes(android.util.AttributeSet,int) -> a
    100:100:android.content.res.ColorStateList getSupportBackgroundTintList() -> getSupportBackgroundTintList
    114:114:android.graphics.PorterDuff$Mode getSupportBackgroundTintMode() -> getSupportBackgroundTintMode
    138:148:void setInternalBackgroundTint(android.content.res.ColorStateList) -> j
    91:97:void setSupportBackgroundTintList(android.content.res.ColorStateList) -> setSupportBackgroundTintList
    104:111:void setSupportBackgroundTintMode(android.graphics.PorterDuff$Mode) -> setSupportBackgroundTintMode
    173:192:boolean applyFrameworkTintUsingColorFilter(android.graphics.drawable.Drawable) -> u
    84:88:void onSetBackgroundDrawable(android.graphics.drawable.Drawable) -> v