app/unused.txt
com.xingwang.xinwangyaoye.R$integer
com.xingwang.xinwangyaoye.R$anim
com.xingwang.xinwangyaoye.R$interpolator
com.xingwang.xinwangyaoye.R$layout
com.xingwang.xinwangyaoye.R
com.xingwang.xinwangyaoye.R$animator
com.xingwang.xinwangyaoye.R$drawable
com.xingwang.xinwangyaoye.BuildConfig
com.xingwang.xinwangyaoye.R$style
com.xingwang.xinwangyaoye.R$dimen
com.xingwang.xinwangyaoye.R$styleable
com.xingwang.xinwangyaoye.R$mipmap
com.xingwang.xinwangyaoye.R$id
com.xingwang.xinwangyaoye.R$xml
com.xingwang.xinwangyaoye.VolumnController
com.xingwang.xinwangyaoye.R$attr
com.xingwang.xinwangyaoye.R$bool
com.xingwang.xinwangyaoye.DensityUtil
com.xingwang.xinwangyaoye.R$color
com.xingwang.xinwangyaoye.R$string
com.xingwang.xinwangyaoye.LightnessController
com.xingwang.xinwangyaoye.MainActivity$1
    public boolean isFullscreen
...
org.bouncycastle.asn1.x509.sigi.PersonalData
android.support.v4.media.MediaBrowserCompat$MediaBrowserImplApi21$5
org.bouncycastle.crypto.engines.ElGamalEngine
org.bouncycastle.pqc.crypto.MessageSigner
android.support.v4.media.MediaBrowserCompat$CustomActionResultReceiver
    void <init>(java.lang.String,android.os.Bundle,android.support.v4.media.MediaBrowserCompat$CustomActionCallback,android.os.Handler)
org.bouncycastle.crypto.signers.DSADigestSigner
okhttp3.mockwebserver.QueueDispatcher
android.support.v4.media.MediaSessionManager$RemoteUserInfoImpl
    public abstract java.lang.String getPackageName()
    public abstract int getPid()
    public abstract int getUid()
okhttp3.package-info
org.bouncycastle.asn1.teletrust.TeleTrusTObjectIdentifiers
android.support.annotation.RequiresPermission
android.support.v4.media.session.MediaControllerCompatApi21$TransportControls
org.bouncycastle.crypto.macs.GMac
org.bouncycastle.jcajce.provider.symmetric.DESede$DESede64
okhttp3.mockwebserver.Dispatcher
org.bouncycastle.asn1.eac.CVCertificate
org.bouncycastle.asn1.x509.AlgorithmIdentifier
junit.framework.TestCase
    public void <init>()
    public void <init>(java.lang.String)
    public static void assertTrue(java.lang.String,boolean)
    public static void assertTrue(boolean)
    public static void assertFalse(java.lang.String,boolean)
    public static void assertFalse(boolean)
    public static void fail(java.lang.String)
    public static void fail()
    public static void assertEquals(java.lang.String,java.lang.Object,java.lang.Object)
    public static void assertEquals(java.lang.Object,java.lang.Object)
    public static void assertEquals(java.lang.String,java.lang.String,java.lang.String)
    public static void assertEquals(java.lang.String,java.lang.String)
    public static void assertEquals(java.lang.String,double,double,double)
    public static void assertEquals(double,double,double)
    public static void assertEquals(java.lang.String,float,float,float)
    public static void assertEquals(float,float,float)
    public static void assertEquals(java.lang.String,long,long)
    public static void assertEquals(long,long)
    public static void assertEquals(java.lang.String,boolean,boolean)
    public static void assertEquals(boolean,boolean)
    public static void assertEquals(java.lang.String,byte,byte)
    public static void assertEquals(byte,byte)
    public static void assertEquals(java.lang.String,char,char)
    public static void assertEquals(char,char)
    public static void assertEquals(java.lang.String,short,short)
junit.textui.ResultPrinter